{"/Users/dragosradu/Proiect_Licenta_final/backend-licenta/app.js": {"path":"/Users/dragosradu/Proiect_Licenta_final/backend-licenta/app.js","statementMap":{"0":{"start":{"line":1,"column":16},"end":{"line":1,"column":34}},"1":{"start":{"line":2,"column":12},"end":{"line":2,"column":21}},"2":{"start":{"line":3,"column":13},"end":{"line":3,"column":28}},"3":{"start":{"line":5,"column":0},"end":{"line":5,"column":16}},"4":{"start":{"line":6,"column":0},"end":{"line":6,"column":47}},"5":{"start":{"line":7,"column":0},"end":{"line":7,"column":23}},"6":{"start":{"line":9,"column":19},"end":{"line":9,"column":50}},"7":{"start":{"line":10,"column":0},"end":{"line":10,"column":57}},"8":{"start":{"line":12,"column":0},"end":{"line":12,"column":20}}},"fnMap":{},"branchMap":{},"s":{"0":1,"1":1,"2":1,"3":1,"4":1,"5":1,"6":1,"7":1,"8":1},"f":{},"b":{},"_coverageSchema":"1a1c01bbd47fc00a2c39e90264f33305004495a9","hash":"25717249023c937e5ca0eac01bdb030d985bcfd8"}
,"/Users/dragosradu/Proiect_Licenta_final/backend-licenta/controllers/user.controller.js": {"path":"/Users/dragosradu/Proiect_Licenta_final/backend-licenta/controllers/user.controller.js","statementMap":{"0":{"start":{"line":1,"column":19},"end":{"line":1,"column":36}},"1":{"start":{"line":2,"column":11},"end":{"line":2,"column":31}},"2":{"start":{"line":3,"column":19},"end":{"line":3,"column":54}},"3":{"start":{"line":5,"column":0},"end":{"line":89,"column":1}},"4":{"start":{"line":7,"column":8},"end":{"line":18,"column":10}},"5":{"start":{"line":8,"column":25},"end":{"line":12,"column":14}},"6":{"start":{"line":13,"column":12},"end":{"line":17,"column":13}},"7":{"start":{"line":14,"column":16},"end":{"line":14,"column":29}},"8":{"start":{"line":16,"column":16},"end":{"line":16,"column":74}},"9":{"start":{"line":22,"column":8},"end":{"line":33,"column":10}},"10":{"start":{"line":23,"column":25},"end":{"line":27,"column":14}},"11":{"start":{"line":28,"column":12},"end":{"line":32,"column":13}},"12":{"start":{"line":29,"column":16},"end":{"line":29,"column":38}},"13":{"start":{"line":31,"column":16},"end":{"line":31,"column":75}},"14":{"start":{"line":37,"column":8},"end":{"line":48,"column":10}},"15":{"start":{"line":38,"column":25},"end":{"line":42,"column":14}},"16":{"start":{"line":43,"column":12},"end":{"line":47,"column":13}},"17":{"start":{"line":44,"column":16},"end":{"line":44,"column":40}},"18":{"start":{"line":46,"column":16},"end":{"line":46,"column":75}},"19":{"start":{"line":52,"column":8},"end":{"line":63,"column":10}},"20":{"start":{"line":53,"column":12},"end":{"line":53,"column":75}},"21":{"start":{"line":54,"column":28},"end":{"line":54,"column":50}},"22":{"start":{"line":55,"column":12},"end":{"line":55,"column":34}},"23":{"start":{"line":56,"column":12},"end":{"line":56,"column":39}},"24":{"start":{"line":57,"column":12},"end":{"line":57,"column":26}},"25":{"start":{"line":58,"column":12},"end":{"line":62,"column":13}},"26":{"start":{"line":59,"column":16},"end":{"line":59,"column":32}},"27":{"start":{"line":61,"column":16},"end":{"line":61,"column":49}},"28":{"start":{"line":67,"column":8},"end":{"line":67,"column":77}},"29":{"start":{"line":68,"column":8},"end":{"line":68,"column":44}},"30":{"start":{"line":69,"column":8},"end":{"line":69,"column":19}},"31":{"start":{"line":70,"column":8},"end":{"line":70,"column":19}},"32":{"start":{"line":74,"column":8},"end":{"line":74,"column":31}},"33":{"start":{"line":75,"column":8},"end":{"line":75,"column":19}},"34":{"start":{"line":76,"column":8},"end":{"line":76,"column":19}},"35":{"start":{"line":80,"column":8},"end":{"line":80,"column":32}},"36":{"start":{"line":81,"column":8},"end":{"line":81,"column":27}},"37":{"start":{"line":82,"column":8},"end":{"line":82,"column":19}},"38":{"start":{"line":83,"column":8},"end":{"line":83,"column":19}},"39":{"start":{"line":87,"column":8},"end":{"line":87,"column":28}}},"fnMap":{"0":{"name":"(anonymous_0)","decl":{"start":{"line":6,"column":13},"end":{"line":6,"column":14}},"loc":{"start":{"line":6,"column":35},"end":{"line":19,"column":5}},"line":6},"1":{"name":"(anonymous_1)","decl":{"start":{"line":7,"column":27},"end":{"line":7,"column":28}},"loc":{"start":{"line":7,"column":54},"end":{"line":18,"column":9}},"line":7},"2":{"name":"(anonymous_2)","decl":{"start":{"line":21,"column":17},"end":{"line":21,"column":18}},"loc":{"start":{"line":21,"column":39},"end":{"line":34,"column":5}},"line":21},"3":{"name":"(anonymous_3)","decl":{"start":{"line":22,"column":27},"end":{"line":22,"column":28}},"loc":{"start":{"line":22,"column":54},"end":{"line":33,"column":9}},"line":22},"4":{"name":"(anonymous_4)","decl":{"start":{"line":36,"column":23},"end":{"line":36,"column":24}},"loc":{"start":{"line":36,"column":45},"end":{"line":49,"column":5}},"line":36},"5":{"name":"(anonymous_5)","decl":{"start":{"line":37,"column":27},"end":{"line":37,"column":28}},"loc":{"start":{"line":37,"column":54},"end":{"line":48,"column":9}},"line":37},"6":{"name":"(anonymous_6)","decl":{"start":{"line":51,"column":13},"end":{"line":51,"column":14}},"loc":{"start":{"line":51,"column":38},"end":{"line":64,"column":5}},"line":51},"7":{"name":"(anonymous_7)","decl":{"start":{"line":52,"column":27},"end":{"line":52,"column":28}},"loc":{"start":{"line":52,"column":54},"end":{"line":63,"column":9}},"line":52},"8":{"name":"(anonymous_8)","decl":{"start":{"line":66,"column":18},"end":{"line":66,"column":19}},"loc":{"start":{"line":66,"column":44},"end":{"line":71,"column":5}},"line":66},"9":{"name":"(anonymous_9)","decl":{"start":{"line":73,"column":15},"end":{"line":73,"column":16}},"loc":{"start":{"line":73,"column":36},"end":{"line":77,"column":5}},"line":73},"10":{"name":"(anonymous_10)","decl":{"start":{"line":79,"column":17},"end":{"line":79,"column":18}},"loc":{"start":{"line":79,"column":38},"end":{"line":84,"column":5}},"line":79},"11":{"name":"(anonymous_11)","decl":{"start":{"line":86,"column":16},"end":{"line":86,"column":17}},"loc":{"start":{"line":86,"column":37},"end":{"line":88,"column":5}},"line":86}},"branchMap":{"0":{"loc":{"start":{"line":13,"column":12},"end":{"line":17,"column":13}},"type":"if","locations":[{"start":{"line":13,"column":12},"end":{"line":17,"column":13}},{"start":{"line":13,"column":12},"end":{"line":17,"column":13}}],"line":13},"1":{"loc":{"start":{"line":28,"column":12},"end":{"line":32,"column":13}},"type":"if","locations":[{"start":{"line":28,"column":12},"end":{"line":32,"column":13}},{"start":{"line":28,"column":12},"end":{"line":32,"column":13}}],"line":28},"2":{"loc":{"start":{"line":43,"column":12},"end":{"line":47,"column":13}},"type":"if","locations":[{"start":{"line":43,"column":12},"end":{"line":47,"column":13}},{"start":{"line":43,"column":12},"end":{"line":47,"column":13}}],"line":43},"3":{"loc":{"start":{"line":58,"column":12},"end":{"line":62,"column":13}},"type":"if","locations":[{"start":{"line":58,"column":12},"end":{"line":62,"column":13}},{"start":{"line":58,"column":12},"end":{"line":62,"column":13}}],"line":58}},"s":{"0":1,"1":1,"2":1,"3":1,"4":9,"5":9,"6":9,"7":7,"8":2,"9":0,"10":0,"11":0,"12":0,"13":0,"14":0,"15":0,"16":0,"17":0,"18":0,"19":1,"20":1,"21":1,"22":1,"23":1,"24":1,"25":1,"26":1,"27":0,"28":0,"29":0,"30":0,"31":0,"32":0,"33":0,"34":0,"35":0,"36":0,"37":0,"38":0,"39":0},"f":{"0":9,"1":9,"2":0,"3":0,"4":0,"5":0,"6":1,"7":1,"8":0,"9":0,"10":0,"11":0},"b":{"0":[7,2],"1":[0,0],"2":[0,0],"3":[1,0]},"_coverageSchema":"1a1c01bbd47fc00a2c39e90264f33305004495a9","hash":"24aec9ee866c8000f950709242bfaf6f5c574c24"}
,"/Users/dragosradu/Proiect_Licenta_final/backend-licenta/controllers/utils/controller.utils.js": {"path":"/Users/dragosradu/Proiect_Licenta_final/backend-licenta/controllers/utils/controller.utils.js","statementMap":{"0":{"start":{"line":1,"column":15},"end":{"line":1,"column":32}},"1":{"start":{"line":3,"column":0},"end":{"line":7,"column":1}},"2":{"start":{"line":5,"column":8},"end":{"line":5,"column":41}}},"fnMap":{"0":{"name":"(anonymous_0)","decl":{"start":{"line":4,"column":13},"end":{"line":4,"column":14}},"loc":{"start":{"line":4,"column":33},"end":{"line":6,"column":5}},"line":4}},"branchMap":{},"s":{"0":1,"1":1,"2":1},"f":{"0":1},"b":{},"_coverageSchema":"1a1c01bbd47fc00a2c39e90264f33305004495a9","hash":"adf65272a33d356ccfc0d88051fe997045a95565"}
,"/Users/dragosradu/Proiect_Licenta_final/backend-licenta/models/appsetting.js": {"path":"/Users/dragosradu/Proiect_Licenta_final/backend-licenta/models/appsetting.js","statementMap":{"0":{"start":{"line":1,"column":33},"end":{"line":1,"column":53}},"1":{"start":{"line":3,"column":0},"end":{"line":24,"column":1}},"2":{"start":{"line":4,"column":23},"end":{"line":17,"column":6}},"3":{"start":{"line":19,"column":4},"end":{"line":21,"column":5}},"4":{"start":{"line":20,"column":8},"end":{"line":20,"column":66}},"5":{"start":{"line":23,"column":4},"end":{"line":23,"column":21}}},"fnMap":{"0":{"name":"(anonymous_0)","decl":{"start":{"line":3,"column":17},"end":{"line":3,"column":18}},"loc":{"start":{"line":3,"column":32},"end":{"line":24,"column":1}},"line":3},"1":{"name":"(anonymous_1)","decl":{"start":{"line":19,"column":27},"end":{"line":19,"column":28}},"loc":{"start":{"line":19,"column":39},"end":{"line":21,"column":5}},"line":19}},"branchMap":{},"s":{"0":1,"1":1,"2":1,"3":1,"4":1,"5":1},"f":{"0":1,"1":1},"b":{},"_coverageSchema":"1a1c01bbd47fc00a2c39e90264f33305004495a9","hash":"de6308988f5d6a51209eb823d00119e415286d2c"}
,"/Users/dragosradu/Proiect_Licenta_final/backend-licenta/models/index.js": {"path":"/Users/dragosradu/Proiect_Licenta_final/backend-licenta/models/index.js","statementMap":{"0":{"start":{"line":2,"column":11},"end":{"line":2,"column":24}},"1":{"start":{"line":3,"column":13},"end":{"line":3,"column":28}},"2":{"start":{"line":4,"column":18},"end":{"line":4,"column":38}},"3":{"start":{"line":5,"column":17},"end":{"line":5,"column":42}},"4":{"start":{"line":6,"column":12},"end":{"line":6,"column":32}},"5":{"start":{"line":7,"column":15},"end":{"line":7,"column":65}},"6":{"start":{"line":8,"column":11},"end":{"line":8,"column":13}},"7":{"start":{"line":10,"column":16},"end":{"line":10,"column":88}},"8":{"start":{"line":11,"column":0},"end":{"line":19,"column":5}},"9":{"start":{"line":14,"column":4},"end":{"line":14,"column":90}},"10":{"start":{"line":17,"column":18},"end":{"line":17,"column":85}},"11":{"start":{"line":18,"column":4},"end":{"line":18,"column":27}},"12":{"start":{"line":21,"column":0},"end":{"line":25,"column":3}},"13":{"start":{"line":22,"column":2},"end":{"line":24,"column":3}},"14":{"start":{"line":23,"column":4},"end":{"line":23,"column":32}},"15":{"start":{"line":27,"column":0},"end":{"line":27,"column":25}},"16":{"start":{"line":28,"column":0},"end":{"line":28,"column":25}},"17":{"start":{"line":30,"column":0},"end":{"line":30,"column":20}}},"fnMap":{"0":{"name":"(anonymous_0)","decl":{"start":{"line":13,"column":10},"end":{"line":13,"column":11}},"loc":{"start":{"line":13,"column":18},"end":{"line":15,"column":3}},"line":13},"1":{"name":"(anonymous_1)","decl":{"start":{"line":16,"column":11},"end":{"line":16,"column":12}},"loc":{"start":{"line":16,"column":19},"end":{"line":19,"column":3}},"line":16},"2":{"name":"(anonymous_2)","decl":{"start":{"line":21,"column":24},"end":{"line":21,"column":25}},"loc":{"start":{"line":21,"column":37},"end":{"line":25,"column":1}},"line":21}},"branchMap":{"0":{"loc":{"start":{"line":14,"column":11},"end":{"line":14,"column":89}},"type":"binary-expr","locations":[{"start":{"line":14,"column":12},"end":{"line":14,"column":35}},{"start":{"line":14,"column":41},"end":{"line":14,"column":58}},{"start":{"line":14,"column":64},"end":{"line":14,"column":88}}],"line":14},"1":{"loc":{"start":{"line":22,"column":2},"end":{"line":24,"column":3}},"type":"if","locations":[{"start":{"line":22,"column":2},"end":{"line":24,"column":3}},{"start":{"line":22,"column":2},"end":{"line":24,"column":3}}],"line":22}},"s":{"0":1,"1":1,"2":1,"3":1,"4":1,"5":1,"6":1,"7":1,"8":1,"9":3,"10":2,"11":2,"12":1,"13":2,"14":2,"15":1,"16":1,"17":1},"f":{"0":3,"1":2,"2":2},"b":{"0":[3,3,2],"1":[2,0]},"_coverageSchema":"1a1c01bbd47fc00a2c39e90264f33305004495a9","hash":"878a9d2cdf34213b61a56354f02315ba5d9211b2"}
,"/Users/dragosradu/Proiect_Licenta_final/backend-licenta/models/user.js": {"path":"/Users/dragosradu/Proiect_Licenta_final/backend-licenta/models/user.js","statementMap":{"0":{"start":{"line":1,"column":33},"end":{"line":1,"column":53}},"1":{"start":{"line":3,"column":0},"end":{"line":54,"column":1}},"2":{"start":{"line":4,"column":17},"end":{"line":42,"column":6}},"3":{"start":{"line":18,"column":20},"end":{"line":22,"column":21}},"4":{"start":{"line":19,"column":24},"end":{"line":19,"column":37}},"5":{"start":{"line":21,"column":24},"end":{"line":21,"column":56}},"6":{"start":{"line":44,"column":4},"end":{"line":52,"column":5}},"7":{"start":{"line":45,"column":8},"end":{"line":45,"column":82}},"8":{"start":{"line":53,"column":4},"end":{"line":53,"column":15}},"9":{"start":{"line":56,"column":0},"end":{"line":59,"column":1}},"10":{"start":{"line":57,"column":13},"end":{"line":57,"column":166}},"11":{"start":{"line":58,"column":4},"end":{"line":58,"column":48}}},"fnMap":{"0":{"name":"(anonymous_0)","decl":{"start":{"line":3,"column":17},"end":{"line":3,"column":18}},"loc":{"start":{"line":3,"column":32},"end":{"line":54,"column":1}},"line":3},"1":{"name":"(anonymous_1)","decl":{"start":{"line":17,"column":16},"end":{"line":17,"column":17}},"loc":{"start":{"line":17,"column":42},"end":{"line":23,"column":17}},"line":17},"2":{"name":"(anonymous_2)","decl":{"start":{"line":44,"column":21},"end":{"line":44,"column":22}},"loc":{"start":{"line":44,"column":33},"end":{"line":52,"column":5}},"line":44},"3":{"name":"(anonymous_3)","decl":{"start":{"line":56,"column":16},"end":{"line":56,"column":17}},"loc":{"start":{"line":56,"column":27},"end":{"line":59,"column":1}},"line":56}},"branchMap":{"0":{"loc":{"start":{"line":18,"column":20},"end":{"line":22,"column":21}},"type":"if","locations":[{"start":{"line":18,"column":20},"end":{"line":22,"column":21}},{"start":{"line":18,"column":20},"end":{"line":22,"column":21}}],"line":18},"1":{"loc":{"start":{"line":18,"column":23},"end":{"line":18,"column":63}},"type":"binary-expr","locations":[{"start":{"line":18,"column":23},"end":{"line":18,"column":27}},{"start":{"line":18,"column":31},"end":{"line":18,"column":41}},{"start":{"line":18,"column":45},"end":{"line":18,"column":63}}],"line":18}},"s":{"0":1,"1":1,"2":1,"3":1,"4":1,"5":0,"6":1,"7":1,"8":1,"9":1,"10":1,"11":1},"f":{"0":1,"1":1,"2":1,"3":1},"b":{"0":[1,0],"1":[1,1,1]},"_coverageSchema":"1a1c01bbd47fc00a2c39e90264f33305004495a9","hash":"d3921cf3b5a7f9962a16db3a5b2884f363809341"}
,"/Users/dragosradu/Proiect_Licenta_final/backend-licenta/routes/user.routes.js": {"path":"/Users/dragosradu/Proiect_Licenta_final/backend-licenta/routes/user.routes.js","statementMap":{"0":{"start":{"line":1,"column":20},"end":{"line":1,"column":55}},"1":{"start":{"line":3,"column":16},"end":{"line":3,"column":34}},"2":{"start":{"line":4,"column":15},"end":{"line":4,"column":31}},"3":{"start":{"line":5,"column":22},"end":{"line":5,"column":42}},"4":{"start":{"line":10,"column":4},"end":{"line":10,"column":39}},"5":{"start":{"line":12,"column":0},"end":{"line":12,"column":44}},"6":{"start":{"line":13,"column":0},"end":{"line":13,"column":38}},"7":{"start":{"line":16,"column":0},"end":{"line":16,"column":23}}},"fnMap":{},"branchMap":{},"s":{"0":1,"1":1,"2":1,"3":1,"4":1,"5":1,"6":1,"7":1},"f":{},"b":{},"_coverageSchema":"1a1c01bbd47fc00a2c39e90264f33305004495a9","hash":"749c705e60d1250fe1eb068720967de1fa3e148c"}
,"/Users/dragosradu/Proiect_Licenta_final/backend-licenta/services/user.service.js": {"path":"/Users/dragosradu/Proiect_Licenta_final/backend-licenta/services/user.service.js","statementMap":{"0":{"start":{"line":1,"column":15},"end":{"line":1,"column":32}},"1":{"start":{"line":2,"column":12},"end":{"line":2,"column":35}},"2":{"start":{"line":3,"column":12},"end":{"line":3,"column":29}},"3":{"start":{"line":4,"column":11},"end":{"line":4,"column":31}},"4":{"start":{"line":5,"column":18},"end":{"line":5,"column":46}},"5":{"start":{"line":6,"column":23},"end":{"line":6,"column":64}},"6":{"start":{"line":9,"column":12},"end":{"line":9,"column":32}},"7":{"start":{"line":10,"column":15},"end":{"line":10,"column":65}},"8":{"start":{"line":13,"column":0},"end":{"line":147,"column":1}},"9":{"start":{"line":16,"column":8},"end":{"line":35,"column":14}},"10":{"start":{"line":18,"column":16},"end":{"line":31,"column":22}},"11":{"start":{"line":20,"column":24},"end":{"line":22,"column":87}},"12":{"start":{"line":25,"column":24},"end":{"line":30,"column":26}},"13":{"start":{"line":27,"column":28},"end":{"line":29,"column":108}},"14":{"start":{"line":34,"column":16},"end":{"line":34,"column":88}},"15":{"start":{"line":40,"column":8},"end":{"line":74,"column":14}},"16":{"start":{"line":42,"column":16},"end":{"line":66,"column":18}},"17":{"start":{"line":44,"column":34},"end":{"line":50,"column":21}},"18":{"start":{"line":51,"column":20},"end":{"line":58,"column":22}},"19":{"start":{"line":61,"column":20},"end":{"line":65,"column":23}},"20":{"start":{"line":69,"column":16},"end":{"line":73,"column":19}},"21":{"start":{"line":79,"column":21},"end":{"line":79,"column":78}},"22":{"start":{"line":80,"column":8},"end":{"line":82,"column":9}},"23":{"start":{"line":81,"column":12},"end":{"line":81,"column":32}},"24":{"start":{"line":83,"column":8},"end":{"line":83,"column":17}},"25":{"start":{"line":87,"column":21},"end":{"line":87,"column":77}},"26":{"start":{"line":88,"column":8},"end":{"line":90,"column":9}},"27":{"start":{"line":89,"column":12},"end":{"line":89,"column":34}},"28":{"start":{"line":91,"column":8},"end":{"line":91,"column":17}},"29":{"start":{"line":96,"column":21},"end":{"line":96,"column":77}},"30":{"start":{"line":97,"column":8},"end":{"line":99,"column":9}},"31":{"start":{"line":98,"column":12},"end":{"line":98,"column":87}},"32":{"start":{"line":100,"column":8},"end":{"line":100,"column":20}},"33":{"start":{"line":104,"column":21},"end":{"line":104,"column":77}},"34":{"start":{"line":105,"column":8},"end":{"line":117,"column":9}},"35":{"start":{"line":106,"column":12},"end":{"line":106,"column":72}},"36":{"start":{"line":107,"column":12},"end":{"line":107,"column":45}},"37":{"start":{"line":108,"column":12},"end":{"line":108,"column":29}},"38":{"start":{"line":109,"column":26},"end":{"line":115,"column":13}},"39":{"start":{"line":116,"column":12},"end":{"line":116,"column":24}},"40":{"start":{"line":118,"column":8},"end":{"line":118,"column":17}},"41":{"start":{"line":122,"column":21},"end":{"line":122,"column":80}},"42":{"start":{"line":123,"column":8},"end":{"line":126,"column":9}},"43":{"start":{"line":124,"column":12},"end":{"line":124,"column":32}},"44":{"start":{"line":125,"column":12},"end":{"line":125,"column":23}},"45":{"start":{"line":127,"column":8},"end":{"line":127,"column":20}},"46":{"start":{"line":131,"column":21},"end":{"line":131,"column":80}},"47":{"start":{"line":132,"column":8},"end":{"line":134,"column":9}},"48":{"start":{"line":133,"column":12},"end":{"line":133,"column":35}},"49":{"start":{"line":135,"column":8},"end":{"line":135,"column":17}},"50":{"start":{"line":139,"column":21},"end":{"line":139,"column":80}},"51":{"start":{"line":140,"column":8},"end":{"line":144,"column":9}},"52":{"start":{"line":141,"column":12},"end":{"line":141,"column":36}},"53":{"start":{"line":142,"column":12},"end":{"line":142,"column":29}},"54":{"start":{"line":143,"column":12},"end":{"line":143,"column":23}},"55":{"start":{"line":145,"column":8},"end":{"line":145,"column":20}}},"fnMap":{"0":{"name":"(anonymous_0)","decl":{"start":{"line":15,"column":18},"end":{"line":15,"column":19}},"loc":{"start":{"line":15,"column":43},"end":{"line":36,"column":5}},"line":15},"1":{"name":"(anonymous_1)","decl":{"start":{"line":17,"column":18},"end":{"line":17,"column":19}},"loc":{"start":{"line":17,"column":30},"end":{"line":32,"column":13}},"line":17},"2":{"name":"(anonymous_2)","decl":{"start":{"line":19,"column":26},"end":{"line":19,"column":27}},"loc":{"start":{"line":19,"column":32},"end":{"line":23,"column":21}},"line":19},"3":{"name":"(anonymous_3)","decl":{"start":{"line":24,"column":27},"end":{"line":24,"column":28}},"loc":{"start":{"line":24,"column":39},"end":{"line":31,"column":21}},"line":24},"4":{"name":"(anonymous_4)","decl":{"start":{"line":26,"column":34},"end":{"line":26,"column":35}},"loc":{"start":{"line":26,"column":47},"end":{"line":30,"column":25}},"line":26},"5":{"name":"(anonymous_5)","decl":{"start":{"line":33,"column":19},"end":{"line":33,"column":20}},"loc":{"start":{"line":33,"column":32},"end":{"line":35,"column":13}},"line":33},"6":{"name":"(anonymous_6)","decl":{"start":{"line":39,"column":15},"end":{"line":39,"column":16}},"loc":{"start":{"line":39,"column":39},"end":{"line":75,"column":9}},"line":39},"7":{"name":"(anonymous_7)","decl":{"start":{"line":41,"column":18},"end":{"line":41,"column":19}},"loc":{"start":{"line":41,"column":34},"end":{"line":67,"column":13}},"line":41},"8":{"name":"(anonymous_8)","decl":{"start":{"line":43,"column":22},"end":{"line":43,"column":23}},"loc":{"start":{"line":43,"column":28},"end":{"line":59,"column":17}},"line":43},"9":{"name":"(anonymous_9)","decl":{"start":{"line":60,"column":23},"end":{"line":60,"column":24}},"loc":{"start":{"line":60,"column":36},"end":{"line":66,"column":17}},"line":60},"10":{"name":"(anonymous_10)","decl":{"start":{"line":68,"column":19},"end":{"line":68,"column":20}},"loc":{"start":{"line":68,"column":32},"end":{"line":74,"column":13}},"line":68},"11":{"name":"(anonymous_11)","decl":{"start":{"line":78,"column":17},"end":{"line":78,"column":18}},"loc":{"start":{"line":78,"column":37},"end":{"line":84,"column":5}},"line":78},"12":{"name":"(anonymous_12)","decl":{"start":{"line":86,"column":23},"end":{"line":86,"column":24}},"loc":{"start":{"line":86,"column":43},"end":{"line":92,"column":5}},"line":86},"13":{"name":"(anonymous_13)","decl":{"start":{"line":95,"column":19},"end":{"line":95,"column":20}},"loc":{"start":{"line":95,"column":39},"end":{"line":101,"column":5}},"line":95},"14":{"name":"(anonymous_14)","decl":{"start":{"line":103,"column":20},"end":{"line":103,"column":21}},"loc":{"start":{"line":103,"column":40},"end":{"line":119,"column":5}},"line":103},"15":{"name":"(anonymous_15)","decl":{"start":{"line":121,"column":16},"end":{"line":121,"column":17}},"loc":{"start":{"line":121,"column":36},"end":{"line":128,"column":5}},"line":121},"16":{"name":"(anonymous_16)","decl":{"start":{"line":130,"column":19},"end":{"line":130,"column":20}},"loc":{"start":{"line":130,"column":39},"end":{"line":136,"column":5}},"line":130},"17":{"name":"(anonymous_17)","decl":{"start":{"line":138,"column":17},"end":{"line":138,"column":18}},"loc":{"start":{"line":138,"column":37},"end":{"line":146,"column":5}},"line":138}},"branchMap":{"0":{"loc":{"start":{"line":80,"column":8},"end":{"line":82,"column":9}},"type":"if","locations":[{"start":{"line":80,"column":8},"end":{"line":82,"column":9}},{"start":{"line":80,"column":8},"end":{"line":82,"column":9}}],"line":80},"1":{"loc":{"start":{"line":88,"column":8},"end":{"line":90,"column":9}},"type":"if","locations":[{"start":{"line":88,"column":8},"end":{"line":90,"column":9}},{"start":{"line":88,"column":8},"end":{"line":90,"column":9}}],"line":88},"2":{"loc":{"start":{"line":97,"column":8},"end":{"line":99,"column":9}},"type":"if","locations":[{"start":{"line":97,"column":8},"end":{"line":99,"column":9}},{"start":{"line":97,"column":8},"end":{"line":99,"column":9}}],"line":97},"3":{"loc":{"start":{"line":105,"column":8},"end":{"line":117,"column":9}},"type":"if","locations":[{"start":{"line":105,"column":8},"end":{"line":117,"column":9}},{"start":{"line":105,"column":8},"end":{"line":117,"column":9}}],"line":105},"4":{"loc":{"start":{"line":123,"column":8},"end":{"line":126,"column":9}},"type":"if","locations":[{"start":{"line":123,"column":8},"end":{"line":126,"column":9}},{"start":{"line":123,"column":8},"end":{"line":126,"column":9}}],"line":123},"5":{"loc":{"start":{"line":132,"column":8},"end":{"line":134,"column":9}},"type":"if","locations":[{"start":{"line":132,"column":8},"end":{"line":134,"column":9}},{"start":{"line":132,"column":8},"end":{"line":134,"column":9}}],"line":132},"6":{"loc":{"start":{"line":140,"column":8},"end":{"line":144,"column":9}},"type":"if","locations":[{"start":{"line":140,"column":8},"end":{"line":144,"column":9}},{"start":{"line":140,"column":8},"end":{"line":144,"column":9}}],"line":140},"7":{"loc":{"start":{"line":140,"column":11},"end":{"line":140,"column":35}},"type":"binary-expr","locations":[{"start":{"line":140,"column":11},"end":{"line":140,"column":15}},{"start":{"line":140,"column":19},"end":{"line":140,"column":35}}],"line":140}},"s":{"0":1,"1":1,"2":1,"3":1,"4":1,"5":1,"6":1,"7":1,"8":1,"9":7,"10":3,"11":2,"12":1,"13":1,"14":4,"15":6,"16":5,"17":1,"18":1,"19":4,"20":1,"21":0,"22":0,"23":0,"24":0,"25":0,"26":0,"27":0,"28":0,"29":0,"30":0,"31":0,"32":0,"33":0,"34":0,"35":0,"36":0,"37":0,"38":0,"39":0,"40":0,"41":0,"42":0,"43":0,"44":0,"45":0,"46":0,"47":0,"48":0,"49":0,"50":0,"51":0,"52":0,"53":0,"54":0,"55":0},"f":{"0":7,"1":3,"2":2,"3":1,"4":1,"5":4,"6":6,"7":5,"8":1,"9":4,"10":1,"11":0,"12":0,"13":0,"14":0,"15":0,"16":0,"17":0},"b":{"0":[0,0],"1":[0,0],"2":[0,0],"3":[0,0],"4":[0,0],"5":[0,0],"6":[0,0],"7":[0,0]},"_coverageSchema":"1a1c01bbd47fc00a2c39e90264f33305004495a9","hash":"c28da3da75f9e3cc984b6d30d779f5ad3e23cbc9"}
,"/Users/dragosradu/Proiect_Licenta_final/backend-licenta/services/utils/userUtils.js": {"path":"/Users/dragosradu/Proiect_Licenta_final/backend-licenta/services/utils/userUtils.js","statementMap":{"0":{"start":{"line":1,"column":15},"end":{"line":1,"column":32}},"1":{"start":{"line":2,"column":12},"end":{"line":2,"column":36}},"2":{"start":{"line":3,"column":12},"end":{"line":3,"column":49}},"3":{"start":{"line":4,"column":15},"end":{"line":4,"column":55}},"4":{"start":{"line":6,"column":0},"end":{"line":76,"column":1}},"5":{"start":{"line":8,"column":8},"end":{"line":8,"column":41}},"6":{"start":{"line":12,"column":8},"end":{"line":32,"column":10}},"7":{"start":{"line":13,"column":12},"end":{"line":31,"column":13}},"8":{"start":{"line":14,"column":16},"end":{"line":14,"column":42}},"9":{"start":{"line":16,"column":16},"end":{"line":30,"column":17}},"10":{"start":{"line":17,"column":20},"end":{"line":17,"column":39}},"11":{"start":{"line":18,"column":20},"end":{"line":18,"column":37}},"12":{"start":{"line":19,"column":20},"end":{"line":19,"column":33}},"13":{"start":{"line":21,"column":20},"end":{"line":21,"column":57}},"14":{"start":{"line":22,"column":20},"end":{"line":22,"column":37}},"15":{"start":{"line":23,"column":20},"end":{"line":29,"column":21}},"16":{"start":{"line":24,"column":24},"end":{"line":24,"column":51}},"17":{"start":{"line":26,"column":24},"end":{"line":26,"column":47}},"18":{"start":{"line":27,"column":24},"end":{"line":27,"column":41}},"19":{"start":{"line":28,"column":24},"end":{"line":28,"column":74}},"20":{"start":{"line":36,"column":8},"end":{"line":46,"column":10}},"21":{"start":{"line":37,"column":26},"end":{"line":37,"column":65}},"22":{"start":{"line":38,"column":12},"end":{"line":45,"column":14}},"23":{"start":{"line":39,"column":16},"end":{"line":41,"column":17}},"24":{"start":{"line":40,"column":20},"end":{"line":40,"column":84}},"25":{"start":{"line":42,"column":16},"end":{"line":42,"column":38}},"26":{"start":{"line":43,"column":16},"end":{"line":43,"column":37}},"27":{"start":{"line":44,"column":16},"end":{"line":44,"column":22}},"28":{"start":{"line":61,"column":17},"end":{"line":61,"column":170}},"29":{"start":{"line":62,"column":8},"end":{"line":62,"column":52}},"30":{"start":{"line":66,"column":8},"end":{"line":74,"column":10}},"31":{"start":{"line":67,"column":12},"end":{"line":69,"column":13}},"32":{"start":{"line":68,"column":16},"end":{"line":68,"column":70}},"33":{"start":{"line":70,"column":12},"end":{"line":72,"column":13}},"34":{"start":{"line":71,"column":16},"end":{"line":71,"column":50}},"35":{"start":{"line":73,"column":12},"end":{"line":73,"column":39}}},"fnMap":{"0":{"name":"(anonymous_0)","decl":{"start":{"line":7,"column":21},"end":{"line":7,"column":22}},"loc":{"start":{"line":7,"column":41},"end":{"line":9,"column":5}},"line":7},"1":{"name":"(anonymous_1)","decl":{"start":{"line":11,"column":24},"end":{"line":11,"column":25}},"loc":{"start":{"line":11,"column":50},"end":{"line":33,"column":5}},"line":11},"2":{"name":"(anonymous_2)","decl":{"start":{"line":12,"column":27},"end":{"line":12,"column":28}},"loc":{"start":{"line":12,"column":54},"end":{"line":32,"column":9}},"line":12},"3":{"name":"(anonymous_3)","decl":{"start":{"line":35,"column":21},"end":{"line":35,"column":22}},"loc":{"start":{"line":35,"column":52},"end":{"line":58,"column":5}},"line":35},"4":{"name":"(anonymous_4)","decl":{"start":{"line":36,"column":27},"end":{"line":36,"column":28}},"loc":{"start":{"line":36,"column":48},"end":{"line":46,"column":9}},"line":36},"5":{"name":"(anonymous_5)","decl":{"start":{"line":38,"column":47},"end":{"line":38,"column":48}},"loc":{"start":{"line":38,"column":69},"end":{"line":45,"column":13}},"line":38},"6":{"name":"(anonymous_6)","decl":{"start":{"line":60,"column":19},"end":{"line":60,"column":20}},"loc":{"start":{"line":60,"column":35},"end":{"line":63,"column":5}},"line":60},"7":{"name":"(anonymous_7)","decl":{"start":{"line":65,"column":26},"end":{"line":65,"column":27}},"loc":{"start":{"line":65,"column":45},"end":{"line":75,"column":5}},"line":65},"8":{"name":"(anonymous_8)","decl":{"start":{"line":66,"column":27},"end":{"line":66,"column":28}},"loc":{"start":{"line":66,"column":48},"end":{"line":74,"column":9}},"line":66}},"branchMap":{"0":{"loc":{"start":{"line":3,"column":12},"end":{"line":3,"column":49}},"type":"binary-expr","locations":[{"start":{"line":3,"column":12},"end":{"line":3,"column":32}},{"start":{"line":3,"column":36},"end":{"line":3,"column":49}}],"line":3},"1":{"loc":{"start":{"line":13,"column":12},"end":{"line":31,"column":13}},"type":"if","locations":[{"start":{"line":13,"column":12},"end":{"line":31,"column":13}},{"start":{"line":13,"column":12},"end":{"line":31,"column":13}}],"line":13},"2":{"loc":{"start":{"line":16,"column":16},"end":{"line":30,"column":17}},"type":"if","locations":[{"start":{"line":16,"column":16},"end":{"line":30,"column":17}},{"start":{"line":16,"column":16},"end":{"line":30,"column":17}}],"line":16},"3":{"loc":{"start":{"line":16,"column":19},"end":{"line":16,"column":81}},"type":"binary-expr","locations":[{"start":{"line":16,"column":19},"end":{"line":16,"column":58}},{"start":{"line":16,"column":62},"end":{"line":16,"column":81}}],"line":16},"4":{"loc":{"start":{"line":23,"column":20},"end":{"line":29,"column":21}},"type":"if","locations":[{"start":{"line":23,"column":20},"end":{"line":29,"column":21}},{"start":{"line":23,"column":20},"end":{"line":29,"column":21}}],"line":23},"5":{"loc":{"start":{"line":39,"column":16},"end":{"line":41,"column":17}},"type":"if","locations":[{"start":{"line":39,"column":16},"end":{"line":41,"column":17}},{"start":{"line":39,"column":16},"end":{"line":41,"column":17}}],"line":39},"6":{"loc":{"start":{"line":67,"column":12},"end":{"line":69,"column":13}},"type":"if","locations":[{"start":{"line":67,"column":12},"end":{"line":69,"column":13}},{"start":{"line":67,"column":12},"end":{"line":69,"column":13}}],"line":67},"7":{"loc":{"start":{"line":70,"column":12},"end":{"line":72,"column":13}},"type":"if","locations":[{"start":{"line":70,"column":12},"end":{"line":72,"column":13}},{"start":{"line":70,"column":12},"end":{"line":72,"column":13}}],"line":70}},"s":{"0":1,"1":1,"2":1,"3":1,"4":1,"5":0,"6":5,"7":5,"8":1,"9":4,"10":1,"11":1,"12":1,"13":3,"14":3,"15":3,"16":2,"17":1,"18":1,"19":1,"20":0,"21":0,"22":0,"23":0,"24":0,"25":0,"26":0,"27":0,"28":7,"29":7,"30":7,"31":7,"32":2,"33":7,"34":4,"35":7},"f":{"0":0,"1":5,"2":5,"3":0,"4":0,"5":0,"6":7,"7":7,"8":7},"b":{"0":[1,0],"1":[1,4],"2":[1,3],"3":[4,1],"4":[2,1],"5":[0,0],"6":[2,5],"7":[4,3]},"_coverageSchema":"1a1c01bbd47fc00a2c39e90264f33305004495a9","hash":"b8b80fdd2bd5b18033b0cf01ce32f72b81fd5b49"}
,"/Users/dragosradu/Proiect_Licenta_final/backend-licenta/utils/test.utils.js": {"path":"/Users/dragosradu/Proiect_Licenta_final/backend-licenta/utils/test.utils.js","statementMap":{"0":{"start":{"line":1,"column":0},"end":{"line":15,"column":1}},"1":{"start":{"line":3,"column":26},"end":{"line":3,"column":66}},"2":{"start":{"line":4,"column":23},"end":{"line":4,"column":76}},"3":{"start":{"line":6,"column":32},"end":{"line":10,"column":9}},"4":{"start":{"line":11,"column":8},"end":{"line":11,"column":30}}},"fnMap":{"0":{"name":"(anonymous_0)","decl":{"start":{"line":2,"column":35},"end":{"line":2,"column":36}},"loc":{"start":{"line":2,"column":46},"end":{"line":12,"column":5}},"line":2}},"branchMap":{},"s":{"0":1,"1":2,"2":2,"3":2,"4":2},"f":{"0":2},"b":{},"_coverageSchema":"1a1c01bbd47fc00a2c39e90264f33305004495a9","hash":"a2848d504dfd215af68f6583ba9291b3eab87e21"}
}
